n=3.0
a = 2
4
COUNT
8
COUNT
16
COUNT
32
COUNT
64
COUNT
128
COUNT
256
COUNT
512
COUNT
a = 3
9
COUNT
27
COUNT
81
COUNT
243
COUNT
729
COUNT
2187
COUNT
6561
COUNT
19683
COUNT
a = 4
16
2
64
2
256
2
1024
2
COUNT
4096
2
COUNT
16384
2
COUNT
65536
2
COUNT
262144
2
COUNT
a = 5
25
COUNT
125
COUNT
625
COUNT
3125
COUNT
15625
COUNT
78125
COUNT
390625
COUNT
1953125
COUNT
a = 6
36
COUNT
216
COUNT
1296
COUNT
7776
COUNT
46656
COUNT
279936
COUNT
1679616
COUNT
10077696
COUNT
a = 7
49
COUNT
343
COUNT
2401
COUNT
16807
COUNT
117649
COUNT
823543
COUNT
5764801
COUNT
40353607
COUNT
a = 8
64
3
512
3
3
8.0
2.0
COUNT
4096
3
2
64.0
2.0
COUNT
32768
3
3
32.0
2.0
COUNT
262144
3
2
512.0
2.0
COUNT
2097152
3
COUNT
16777216
3
COUNT
134217728
3
COUNT
a = 9
81
2
729
2
6561
2
59049
2
COUNT
531441
2
COUNT
4782969
2
COUNT
43046721
2
COUNT
387420489
2
COUNT
57
